Flow report for nes_hardware_emulator
Sun Apr 12 18:27:39 2020
Quartus Prime Version 17.1.0 Build 590 10/25/2017 SJ Lite Edition


---------------------
; Table of Contents ;
---------------------
  1. Legal Notice
  2. Flow Summary
  3. Flow Settings
  4. Flow Non-Default Global Settings
  5. Flow Elapsed Time
  6. Flow OS Summary
  7. Flow Log
  8. Flow Messages
  9. Flow Suppressed Messages



----------------
; Legal Notice ;
----------------
Copyright (C) 2017  Intel Corporation. All rights reserved.
Your use of Intel Corporation's design tools, logic functions 
and other software and tools, and its AMPP partner logic 
functions, and any output files from any of the foregoing 
(including device programming or simulation files), and any 
associated documentation or information are expressly subject 
to the terms and conditions of the Intel Program License 
Subscription Agreement, the Intel Quartus Prime License Agreement,
the Intel FPGA IP License Agreement, or other applicable license
agreement, including, without limitation, that your use is for
the sole purpose of programming logic devices manufactured by
Intel and sold by Intel or its authorized distributors.  Please
refer to the applicable agreement for further details.



+----------------------------------------------------------------------------------+
; Flow Summary                                                                     ;
+------------------------------------+---------------------------------------------+
; Flow Status                        ; Successful - Sun Apr 12 18:27:32 2020       ;
; Quartus Prime Version              ; 17.1.0 Build 590 10/25/2017 SJ Lite Edition ;
; Revision Name                      ; nes_hardware_emulator                       ;
; Top-level Entity Name              ; mem_ctrl                                    ;
; Family                             ; Cyclone IV E                                ;
; Device                             ; EP4CE115F29C7                               ;
; Timing Models                      ; Final                                       ;
; Total logic elements               ; 461 / 114,480 ( < 1 % )                     ;
;     Total combinational functions  ; 354 / 114,480 ( < 1 % )                     ;
;     Dedicated logic registers      ; 245 / 114,480 ( < 1 % )                     ;
; Total registers                    ; 245                                         ;
; Total pins                         ; 126 / 529 ( 24 % )                          ;
; Total virtual pins                 ; 0                                           ;
; Total memory bits                  ; 610,576 / 3,981,312 ( 15 % )                ;
; Embedded Multiplier 9-bit elements ; 0 / 532 ( 0 % )                             ;
; Total PLLs                         ; 0 / 4 ( 0 % )                               ;
+------------------------------------+---------------------------------------------+


+-------------------------------------------+
; Flow Settings                             ;
+-------------------+-----------------------+
; Option            ; Setting               ;
+-------------------+-----------------------+
; Start date & time ; 04/12/2020 18:26:39   ;
; Main task         ; Compilation           ;
; Revision Name     ; nes_hardware_emulator ;
+-------------------+-----------------------+


+---------------------------------------------------------------------------------------------------------------------------------+
; Flow Non-Default Global Settings                                                                                                ;
+-------------------------------------+----------------------------------------+-----------------------+-------------+------------+
; Assignment Name                     ; Value                                  ; Default Value         ; Entity Name ; Section Id ;
+-------------------------------------+----------------------------------------+-----------------------+-------------+------------+
; COMPILER_SIGNATURE_ID               ; 1098679505640.158673399823104          ; --                    ; --          ; --         ;
; MAX_CORE_JUNCTION_TEMP              ; 85                                     ; --                    ; --          ; --         ;
; MIN_CORE_JUNCTION_TEMP              ; 0                                      ; --                    ; --          ; --         ;
; NOMINAL_CORE_SUPPLY_VOLTAGE         ; 1.2V                                   ; --                    ; --          ; --         ;
; PARTITION_COLOR                     ; -- (Not supported for targeted family) ; --                    ; mem_ctrl    ; Top        ;
; PARTITION_FITTER_PRESERVATION_LEVEL ; -- (Not supported for targeted family) ; --                    ; mem_ctrl    ; Top        ;
; PARTITION_NETLIST_TYPE              ; -- (Not supported for targeted family) ; --                    ; mem_ctrl    ; Top        ;
; PROJECT_OUTPUT_DIRECTORY            ; output_files                           ; --                    ; --          ; --         ;
; TOP_LEVEL_ENTITY                    ; mem_ctrl                               ; nes_hardware_emulator ; --          ; --         ;
+-------------------------------------+----------------------------------------+-----------------------+-------------+------------+


+-------------------------------------------------------------------------------------------------------------------------------+
; Flow Elapsed Time                                                                                                             ;
+---------------------------+--------------+-------------------------+---------------------+------------------------------------+
; Module Name               ; Elapsed Time ; Average Processors Used ; Peak Virtual Memory ; Total CPU Time (on all processors) ;
+---------------------------+--------------+-------------------------+---------------------+------------------------------------+
; Analysis & Synthesis      ; 00:00:21     ; 1.0                     ; 4789 MB             ; 00:00:41                           ;
; Fitter                    ; 00:00:23     ; 1.0                     ; 5705 MB             ; 00:00:34                           ;
; Assembler                 ; 00:00:05     ; 1.0                     ; 4689 MB             ; 00:00:05                           ;
; TimeQuest Timing Analyzer ; 00:00:06     ; 1.2                     ; 4856 MB             ; 00:00:05                           ;
; Total                     ; 00:00:55     ; --                      ; --                  ; 00:01:25                           ;
+---------------------------+--------------+-------------------------+---------------------+------------------------------------+


+-----------------------------------------------------------------------------------------+
; Flow OS Summary                                                                         ;
+---------------------------+------------------+------------+------------+----------------+
; Module Name               ; Machine Hostname ; OS Name    ; OS Version ; Processor type ;
+---------------------------+------------------+------------+------------+----------------+
; Analysis & Synthesis      ; JAMES-RAZER      ; Windows 10 ; 10.0       ; x86_64         ;
; Fitter                    ; JAMES-RAZER      ; Windows 10 ; 10.0       ; x86_64         ;
; Assembler                 ; JAMES-RAZER      ; Windows 10 ; 10.0       ; x86_64         ;
; TimeQuest Timing Analyzer ; JAMES-RAZER      ; Windows 10 ; 10.0       ; x86_64         ;
+---------------------------+------------------+------------+------------+----------------+


------------
; Flow Log ;
------------
quartus_map --read_settings_files=on --write_settings_files=off nes_hardware_emulator -c nes_hardware_emulator
quartus_fit --read_settings_files=off --write_settings_files=off nes_hardware_emulator -c nes_hardware_emulator
quartus_asm --read_settings_files=off --write_settings_files=off nes_hardware_emulator -c nes_hardware_emulator
quartus_sta nes_hardware_emulator -c nes_hardware_emulator



